2018-09-07 13:12:46,328 - run.py[line:10] - INFO: server is started at http://127.0.0.1:8888
2018-09-07 13:13:09,091 - mysql.py[line:311] - INFO: Successful insertion 1 data
2018-09-07 13:28:34,441 - mysql.py[line:149] - INFO: Execute the stored procedure !
2018-09-07 13:28:34,453 - mysql.py[line:149] - INFO: Execute the stored procedure !
2018-09-07 13:31:52,352 - mysql.py[line:149] - INFO: Execute the stored procedure !
2018-09-07 13:31:52,365 - mysql.py[line:15] - ERROR: (1062, "Duplicate entry 'test' for key 'unique_dirs'")
2018-09-07 13:32:00,852 - run.py[line:10] - INFO: server is started at http://127.0.0.1:8888
2018-09-07 13:32:01,577 - mysql.py[line:149] - INFO: Execute the stored procedure !
2018-09-07 13:32:01,588 - mysql.py[line:15] - ERROR: (1318, 'Incorrect number of arguments for PROCEDURE learn.edit_arctype; expected 12, got 13')
2018-09-07 13:34:58,665 - mysql.py[line:149] - INFO: Execute the stored procedure !
2018-09-07 13:34:58,682 - mysql.py[line:15] - ERROR: (1305, 'PROCEDURE learn.edit_arctype does not exist')
2018-09-07 13:35:46,741 - mysql.py[line:149] - INFO: Execute the stored procedure !
2018-09-07 13:35:46,755 - mysql.py[line:15] - ERROR: (1366, 'Incorrect integer value: \'<i class="fa fa-circle-o"></i>\' for column \'sorts\' at row 1')
2018-09-07 13:39:18,567 - run.py[line:10] - INFO: server is started at http://127.0.0.1:8888
2018-09-07 13:39:19,991 - mysql.py[line:149] - INFO: Execute the stored procedure !
2018-09-07 13:39:20,132 - mysql.py[line:149] - INFO: Execute the stored procedure !
2018-09-07 13:39:36,482 - mysql.py[line:149] - INFO: Execute the stored procedure !
2018-09-07 13:39:36,495 - mysql.py[line:15] - ERROR: (1062, "Duplicate entry 'test' for key 'unique_dirs'")
2018-09-07 13:41:08,775 - run.py[line:10] - INFO: server is started at http://127.0.0.1:8888
2018-09-07 13:41:09,356 - mysql.py[line:150] - INFO: Execute the stored procedure !
2018-09-07 13:41:09,371 - mysql.py[line:150] - INFO: Execute the stored procedure !
2018-09-07 13:41:15,748 - mysql.py[line:150] - INFO: Execute the stored procedure !
2018-09-07 13:41:15,763 - mysql.py[line:150] - INFO: Execute the stored procedure !
2018-09-07 13:41:21,177 - mysql.py[line:150] - INFO: Execute the stored procedure !
2018-09-07 13:41:21,193 - mysql.py[line:15] - ERROR: (1062, "Duplicate entry 'hahhaha' for key 'unique_dirs'")
2018-09-07 13:42:34,340 - run.py[line:10] - INFO: server is started at http://127.0.0.1:8888
2018-09-07 13:42:34,886 - mysql.py[line:149] - INFO: Execute the stored procedure !
2018-09-07 13:42:48,800 - mysql.py[line:149] - INFO: Execute the stored procedure !
2018-09-07 13:42:50,937 - mysql.py[line:149] - INFO: Execute the stored procedure !
2018-09-07 13:42:51,909 - mysql.py[line:149] - INFO: Execute the stored procedure !
2018-09-07 13:42:55,122 - mysql.py[line:149] - INFO: Execute the stored procedure !
2018-09-07 13:43:20,263 - run.py[line:10] - INFO: server is started at http://127.0.0.1:8888
2018-09-07 13:43:34,412 - mysql.py[line:311] - INFO: Successful insertion 1 data
2018-09-07 13:44:03,407 - mysql.py[line:149] - INFO: Execute the stored procedure !
2018-09-07 13:44:03,425 - mysql.py[line:149] - INFO: Execute the stored procedure !
2018-09-07 13:44:04,517 - mysql.py[line:149] - INFO: Execute the stored procedure !
2018-09-07 13:44:04,530 - mysql.py[line:149] - INFO: Execute the stored procedure !
2018-09-07 13:44:05,431 - mysql.py[line:149] - INFO: Execute the stored procedure !
2018-09-07 13:44:05,444 - mysql.py[line:149] - INFO: Execute the stored procedure !
2018-09-07 13:44:11,846 - mysql.py[line:149] - INFO: Execute the stored procedure !
2018-09-07 13:44:11,860 - mysql.py[line:15] - ERROR: (1062, "Duplicate entry 'c' for key 'unique_dirs'")
2018-09-07 13:47:16,331 - mysql.py[line:149] - INFO: Execute the stored procedure !
2018-09-07 13:47:16,345 - mysql.py[line:15] - ERROR: (1062, "Duplicate entry 'c' for key 'unique_dirs'")
2018-09-07 13:47:17,657 - mysql.py[line:149] - INFO: Execute the stored procedure !
2018-09-07 13:47:17,671 - mysql.py[line:15] - ERROR: (1062, "Duplicate entry 'c' for key 'unique_dirs'")
2018-09-07 13:47:18,530 - mysql.py[line:149] - INFO: Execute the stored procedure !
2018-09-07 13:47:18,550 - mysql.py[line:15] - ERROR: (1062, "Duplicate entry 'c' for key 'unique_dirs'")
2018-09-07 13:47:18,702 - mysql.py[line:149] - INFO: Execute the stored procedure !
2018-09-07 13:47:18,715 - mysql.py[line:15] - ERROR: (1062, "Duplicate entry 'c' for key 'unique_dirs'")
2018-09-07 13:47:18,765 - mysql.py[line:149] - INFO: Execute the stored procedure !
2018-09-07 13:47:18,775 - mysql.py[line:15] - ERROR: (1062, "Duplicate entry 'c' for key 'unique_dirs'")
2018-09-07 13:49:13,385 - run.py[line:10] - INFO: server is started at http://127.0.0.1:8888
2018-09-07 13:49:15,008 - mysql.py[line:149] - INFO: Execute the stored procedure !
2018-09-07 13:49:15,022 - mysql.py[line:15] - ERROR: (1062, "Duplicate entry 'c' for key 'unique_dirs'")
2018-09-07 13:51:04,945 - run.py[line:10] - INFO: server is started at http://127.0.0.1:8888
2018-09-07 13:51:07,201 - mysql.py[line:149] - INFO: Execute the stored procedure !
2018-09-07 13:51:07,216 - mysql.py[line:15] - ERROR: (1062, "Duplicate entry 'c' for key 'unique_dirs'")
2018-09-07 14:02:46,604 - mysql.py[line:149] - INFO: Execute the stored procedure !
2018-09-07 14:02:46,623 - mysql.py[line:149] - INFO: Execute the stored procedure !
2018-09-07 14:02:48,186 - mysql.py[line:149] - INFO: Execute the stored procedure !
2018-09-07 14:02:48,196 - mysql.py[line:149] - INFO: Execute the stored procedure !
2018-09-07 14:02:48,955 - mysql.py[line:149] - INFO: Execute the stored procedure !
2018-09-07 14:02:48,970 - mysql.py[line:149] - INFO: Execute the stored procedure !
2018-09-07 14:03:41,517 - run.py[line:10] - INFO: server is started at http://127.0.0.1:8888
2018-09-07 14:24:26,081 - mysql.py[line:312] - INFO: Successful insertion 1 data
2018-09-07 14:24:33,346 - mysql.py[line:149] - INFO: Execute the stored procedure !
2018-09-07 14:24:33,366 - mysql.py[line:174] - INFO: Deleted successfully 1 data
2018-09-07 14:24:33,372 - mysql.py[line:229] - INFO: Data updated successfully 0
2018-09-07 14:24:36,333 - mysql.py[line:149] - INFO: Execute the stored procedure !
2018-09-07 14:24:36,352 - mysql.py[line:174] - INFO: Deleted successfully 1 data
2018-09-07 14:24:36,359 - mysql.py[line:229] - INFO: Data updated successfully 0
2018-09-07 14:24:39,052 - mysql.py[line:149] - INFO: Execute the stored procedure !
2018-09-07 14:24:39,073 - mysql.py[line:174] - INFO: Deleted successfully 1 data
2018-09-07 14:24:39,081 - mysql.py[line:229] - INFO: Data updated successfully 0
2018-09-07 14:24:43,086 - mysql.py[line:149] - INFO: Execute the stored procedure !
2018-09-07 14:24:43,108 - mysql.py[line:174] - INFO: Deleted successfully 1 data
2018-09-07 14:24:43,116 - mysql.py[line:229] - INFO: Data updated successfully 0
2018-09-07 14:24:46,927 - mysql.py[line:149] - INFO: Execute the stored procedure !
2018-09-07 14:24:46,945 - mysql.py[line:174] - INFO: Deleted successfully 1 data
2018-09-07 14:24:46,952 - mysql.py[line:229] - INFO: Data updated successfully 0
2018-09-07 14:24:49,913 - mysql.py[line:149] - INFO: Execute the stored procedure !
2018-09-07 14:24:49,933 - mysql.py[line:174] - INFO: Deleted successfully 1 data
2018-09-07 14:24:49,947 - mysql.py[line:229] - INFO: Data updated successfully 3
2018-09-07 14:24:53,397 - mysql.py[line:149] - INFO: Execute the stored procedure !
2018-09-07 14:24:53,414 - mysql.py[line:174] - INFO: Deleted successfully 1 data
2018-09-07 14:24:53,420 - mysql.py[line:229] - INFO: Data updated successfully 0
2018-09-07 14:24:55,807 - mysql.py[line:149] - INFO: Execute the stored procedure !
2018-09-07 14:24:55,826 - mysql.py[line:174] - INFO: Deleted successfully 1 data
2018-09-07 14:24:55,839 - mysql.py[line:229] - INFO: Data updated successfully 0
2018-09-07 14:24:58,912 - mysql.py[line:149] - INFO: Execute the stored procedure !
2018-09-07 14:24:58,931 - mysql.py[line:174] - INFO: Deleted successfully 1 data
2018-09-07 14:24:58,938 - mysql.py[line:229] - INFO: Data updated successfully 0
2018-09-07 14:25:26,509 - mysql.py[line:149] - INFO: Execute the stored procedure !
2018-09-07 14:25:26,522 - mysql.py[line:149] - INFO: Execute the stored procedure !
2018-09-07 14:25:32,382 - mysql.py[line:149] - INFO: Execute the stored procedure !
2018-09-07 14:25:32,395 - mysql.py[line:149] - INFO: Execute the stored procedure !
2018-09-07 14:25:58,660 - mysql.py[line:149] - INFO: Execute the stored procedure !
2018-09-07 14:25:58,669 - mysql.py[line:149] - INFO: Execute the stored procedure !
2018-09-07 14:26:43,987 - mysql.py[line:149] - INFO: Execute the stored procedure !
2018-09-07 14:26:43,997 - mysql.py[line:149] - INFO: Execute the stored procedure !
2018-09-07 14:27:38,620 - run.py[line:10] - INFO: server is started at http://127.0.0.1:8888
2018-09-07 14:28:09,735 - mysql.py[line:149] - INFO: Execute the stored procedure !
2018-09-07 14:28:09,758 - mysql.py[line:149] - INFO: Execute the stored procedure !
2018-09-07 14:29:48,791 - mysql.py[line:149] - INFO: Execute the stored procedure !
2018-09-07 14:29:48,805 - mysql.py[line:149] - INFO: Execute the stored procedure !
2018-09-07 16:48:34,209 - mysql.py[line:312] - INFO: Successful insertion 1 data
2018-09-07 18:46:19,845 - mysql.py[line:312] - INFO: Successful insertion 1 data
2018-09-07 19:04:52,969 - mysql.py[line:149] - INFO: Execute the stored procedure !
2018-09-07 19:04:52,983 - mysql.py[line:149] - INFO: Execute the stored procedure !
2018-09-07 19:11:53,210 - run.py[line:10] - INFO: server is started at http://127.0.0.1:8888
2018-09-07 19:13:55,987 - run.py[line:10] - INFO: server is started at http://127.0.0.1:8888
2018-09-07 19:14:02,411 - mysql.py[line:15] - ERROR: (1064, "You have an error in your SQL syntax; check the manual that corresponds to your MySQL server version for the right syntax to use near 'ORDER BY a.sorts' at line 1")
2018-09-07 19:14:31,780 - run.py[line:10] - INFO: server is started at http://127.0.0.1:8888
2018-09-07 19:14:43,275 - mysql.py[line:149] - INFO: Execute the stored procedure !
2018-09-07 19:14:45,351 - mysql.py[line:149] - INFO: Execute the stored procedure !
2018-09-07 19:14:54,858 - mysql.py[line:149] - INFO: Execute the stored procedure !
2018-09-07 19:14:54,871 - mysql.py[line:149] - INFO: Execute the stored procedure !
2018-09-07 19:15:25,892 - mysql.py[line:149] - INFO: Execute the stored procedure !
2018-09-07 19:15:25,906 - mysql.py[line:149] - INFO: Execute the stored procedure !
2018-09-07 19:15:35,172 - mysql.py[line:149] - INFO: Execute the stored procedure !
2018-09-07 19:15:35,186 - mysql.py[line:149] - INFO: Execute the stored procedure !
2018-09-07 19:15:40,218 - mysql.py[line:149] - INFO: Execute the stored procedure !
2018-09-07 19:15:40,229 - mysql.py[line:149] - INFO: Execute the stored procedure !
2018-09-07 19:15:46,009 - mysql.py[line:149] - INFO: Execute the stored procedure !
2018-09-07 19:15:46,022 - mysql.py[line:149] - INFO: Execute the stored procedure !
2018-09-07 19:16:48,074 - mysql.py[line:312] - INFO: Successful insertion 1 data
2018-09-07 19:16:56,771 - mysql.py[line:149] - INFO: Execute the stored procedure !
2018-09-07 19:16:56,783 - mysql.py[line:149] - INFO: Execute the stored procedure !
2018-09-07 19:46:00,646 - run.py[line:10] - INFO: server is started at http://127.0.0.1:8888
2018-09-07 19:46:38,908 - run.py[line:10] - INFO: server is started at http://127.0.0.1:8888
2018-09-07 19:47:04,397 - mysql.py[line:312] - INFO: Successful insertion 1 data
2018-09-07 19:47:40,277 - run.py[line:10] - INFO: server is started at http://127.0.0.1:8888
2018-09-07 19:49:20,635 - mysql.py[line:312] - INFO: Successful insertion 1 data
2018-09-07 19:59:14,854 - mysql.py[line:149] - INFO: Execute the stored procedure !
2018-09-07 19:59:14,868 - mysql.py[line:149] - INFO: Execute the stored procedure !
2018-09-07 19:59:21,108 - mysql.py[line:149] - INFO: Execute the stored procedure !
2018-09-07 19:59:21,121 - mysql.py[line:149] - INFO: Execute the stored procedure !
2018-09-07 20:08:38,338 - run.py[line:10] - INFO: server is started at http://127.0.0.1:8888
2018-09-07 20:11:15,128 - mysql.py[line:312] - INFO: Successful insertion 1 data
2018-09-07 20:13:09,461 - run.py[line:10] - INFO: server is started at http://127.0.0.1:8888
2018-09-07 20:15:00,800 - mysql.py[line:312] - INFO: Successful insertion 1 data
2018-09-07 20:15:03,910 - mysql.py[line:15] - ERROR: (1054, "Unknown column 'a.mid' in 'field list'")
2018-09-07 20:15:05,266 - mysql.py[line:15] - ERROR: (1054, "Unknown column 'a.mid' in 'field list'")
2018-09-07 20:15:06,987 - mysql.py[line:15] - ERROR: (1054, "Unknown column 'a.mid' in 'field list'")
2018-09-07 20:15:23,385 - mysql.py[line:15] - ERROR: (1054, "Unknown column 'a.mid' in 'field list'")
2018-09-07 20:15:28,320 - mysql.py[line:15] - ERROR: (1054, "Unknown column 'a.mid' in 'field list'")
2018-09-07 20:15:30,036 - mysql.py[line:15] - ERROR: (1054, "Unknown column 'a.mid' in 'field list'")
2018-09-07 20:15:30,720 - mysql.py[line:15] - ERROR: (1054, "Unknown column 'a.mid' in 'field list'")
2018-09-07 20:15:32,574 - mysql.py[line:15] - ERROR: (1054, "Unknown column 'a.mid' in 'field list'")
2018-09-07 20:15:33,310 - mysql.py[line:15] - ERROR: (1054, "Unknown column 'a.mid' in 'field list'")
2018-09-07 20:15:34,094 - mysql.py[line:15] - ERROR: (1054, "Unknown column 'a.mid' in 'field list'")
2018-09-07 20:15:34,937 - mysql.py[line:15] - ERROR: (1054, "Unknown column 'a.mid' in 'field list'")
2018-09-07 20:15:35,846 - mysql.py[line:15] - ERROR: (1054, "Unknown column 'a.mid' in 'field list'")
2018-09-07 20:15:38,440 - mysql.py[line:15] - ERROR: (1054, "Unknown column 'a.mid' in 'field list'")
2018-09-07 20:15:43,469 - mysql.py[line:15] - ERROR: (1054, "Unknown column 'a.mid' in 'field list'")
2018-09-07 20:16:14,498 - mysql.py[line:15] - ERROR: (1054, "Unknown column 'a.mid' in 'field list'")
2018-09-07 20:16:30,353 - mysql.py[line:15] - ERROR: (1054, "Unknown column 'a.mid' in 'field list'")
2018-09-07 20:17:50,426 - run.py[line:10] - INFO: server is started at http://127.0.0.1:8888
2018-09-07 20:58:35,160 - mysql.py[line:312] - INFO: Successful insertion 1 data
2018-09-07 21:33:11,632 - mysql.py[line:312] - INFO: Successful insertion 1 data
2018-09-07 21:43:30,056 - mysql.py[line:312] - INFO: Successful insertion 1 data
2018-09-07 21:51:30,778 - run.py[line:10] - INFO: server is started at http://127.0.0.1:8888
2018-09-07 22:31:47,497 - mysql.py[line:312] - INFO: Successful insertion 1 data
2018-09-07 23:02:32,881 - mysql.py[line:312] - INFO: Successful insertion 1 data
2018-09-07 23:23:18,504 - mysql.py[line:312] - INFO: Successful insertion 1 data
2018-09-07 23:23:19,448 - mysql.py[line:312] - INFO: Successful insertion 1 data
2018-09-07 23:23:20,945 - mysql.py[line:312] - INFO: Successful insertion 1 data
2018-09-07 23:23:21,253 - mysql.py[line:312] - INFO: Successful insertion 1 data
2018-09-07 23:23:22,980 - mysql.py[line:312] - INFO: Successful insertion 1 data
2018-09-07 23:23:24,433 - mysql.py[line:312] - INFO: Successful insertion 1 data
2018-09-07 23:23:26,046 - mysql.py[line:312] - INFO: Successful insertion 1 data
2018-09-07 23:50:15,001 - mysql.py[line:312] - INFO: Successful insertion 1 data
